<?xml version="1.0" encoding="UTF-8"?>
<!-- Generated by org.testng.reporters.JUnitXMLReporter -->
<testsuite hostname="sachin-PC" name="functinaltest" tests="1" failures="0" timestamp="15 Sep 2019 14:20:06 GMT" time="13.261" errors="0">
  <testcase name="@BeforeMethod openBrowser" time="0.0" classname="com.tours.test.LoginPageTest">
    <failure type="java.lang.NullPointerException">
      <![CDATA[java.lang.NullPointerException
	at com.tours.test.LoginPageTest.openBrowser(LoginPageTest.java:17)
... Removed 26 stack frames]]>
    </failure>
  </testcase> <!-- @BeforeMethod openBrowser -->
  <testcase name="login" time="0.002" classname="com.tours.test.LoginPageTest">
    <skipped/>
  </testcase> <!-- login -->
</testsuite> <!-- functinaltest -->
